TN:
SF:src\Board.js
FN:5,(anonymous_0)
FN:19,(anonymous_1)
FN:20,(anonymous_2)
FN:28,(anonymous_3)
FN:118,(anonymous_4)
FN:133,(anonymous_5)
FN:155,(anonymous_6)
FN:185,(anonymous_7)
FN:186,(anonymous_8)
FN:193,(anonymous_9)
FN:194,(anonymous_10)
FN:203,(anonymous_11)
FN:212,(anonymous_12)
FN:213,(anonymous_13)
FNF:14
FNH:14
FNDA:178,(anonymous_0)
FNDA:1780,(anonymous_1)
FNDA:17800,(anonymous_2)
FNDA:91,(anonymous_3)
FNDA:762,(anonymous_4)
FNDA:264,(anonymous_5)
FNDA:39,(anonymous_6)
FNDA:5,(anonymous_7)
FNDA:9,(anonymous_8)
FNDA:12,(anonymous_9)
FNDA:33,(anonymous_10)
FNDA:29,(anonymous_11)
FNDA:202,(anonymous_12)
FNDA:2020,(anonymous_13)
DA:6,178
DA:7,178
DA:8,178
DA:9,178
DA:10,178
DA:19,178
DA:20,17800
DA:29,91
DA:31,91
DA:32,256
DA:33,256
DA:34,252
DA:35,252
DA:46,256
DA:49,256
DA:50,256
DA:52,256
DA:62,256
DA:63,136
DA:68,120
DA:84,256
DA:86,256
DA:87,768
DA:88,768
DA:90,768
DA:91,0
DA:94,768
DA:97,256
DA:108,768
DA:118,256
DA:119,762
DA:120,762
DA:130,252
DA:132,252
DA:133,88
DA:134,264
DA:135,264
DA:147,1064
DA:156,39
DA:157,1
DA:160,38
DA:161,38
DA:164,38
DA:165,54
DA:166,34
DA:167,34
DA:177,4
DA:178,4
DA:186,9
DA:194,33
DA:204,29
DA:205,29
DA:213,2020
LF:53
LH:52
BRDA:5,0,0,0
BRDA:28,1,0,0
BRDA:33,2,0,252
BRDA:33,2,1,4
BRDA:33,3,0,256
BRDA:33,3,1,256
BRDA:46,4,0,136
BRDA:46,4,1,120
BRDA:52,5,0,256
BRDA:52,5,1,0
BRDA:62,6,0,136
BRDA:62,6,1,120
BRDA:87,7,0,408
BRDA:87,7,1,360
BRDA:88,8,0,408
BRDA:88,8,1,360
BRDA:90,9,0,0
BRDA:90,9,1,768
BRDA:108,10,0,768
BRDA:108,10,1,768
BRDA:108,10,2,768
BRDA:108,10,3,768
BRDA:132,11,0,88
BRDA:132,11,1,164
BRDA:156,12,0,1
BRDA:156,12,1,38
BRDA:165,13,0,34
BRDA:165,13,1,20
BRF:28
BRH:24
end_of_record
TN:
SF:src\Game.js
FN:9,(anonymous_0)
FN:22,(anonymous_1)
FN:38,(anonymous_2)
FN:52,(anonymous_3)
FN:83,(anonymous_4)
FN:90,(anonymous_5)
FN:100,(anonymous_6)
FN:113,(anonymous_7)
FN:136,(anonymous_8)
FN:148,(anonymous_9)
FN:158,(anonymous_10)
FN:159,(anonymous_11)
FN:166,(anonymous_12)
FNF:13
FNH:13
FNDA:24,(anonymous_0)
FNDA:11,(anonymous_1)
FNDA:1,(anonymous_2)
FNDA:7,(anonymous_3)
FNDA:9,(anonymous_4)
FNDA:6,(anonymous_5)
FNDA:10,(anonymous_6)
FNDA:5,(anonymous_7)
FNDA:1,(anonymous_8)
FNDA:6,(anonymous_9)
FNDA:2,(anonymous_10)
FNDA:2,(anonymous_11)
FNDA:1,(anonymous_12)
DA:10,24
DA:11,24
DA:12,24
DA:13,24
DA:14,24
DA:15,24
DA:16,24
DA:23,11
DA:26,11
DA:27,11
DA:30,11
DA:32,11
DA:39,1
DA:41,1
DA:42,3
DA:43,3
DA:46,1
DA:54,7
DA:55,7
DA:58,7
DA:61,7
DA:62,7
DA:65,7
DA:68,7
DA:71,7
DA:74,7
DA:75,2
DA:84,9
DA:91,6
DA:92,4
DA:101,10
DA:102,1
DA:103,1
DA:104,9
DA:105,2
DA:106,2
DA:115,5
DA:118,5
DA:121,5
DA:124,5
DA:126,5
DA:127,1
DA:129,4
DA:138,1
DA:139,1
DA:142,1
DA:149,6
DA:150,6
DA:159,2
DA:167,1
DA:168,1
DA:169,1
LF:52
LH:52
BRDA:74,0,0,2
BRDA:74,0,1,5
BRDA:84,1,0,6
BRDA:84,1,1,3
BRDA:91,2,0,4
BRDA:91,2,1,2
BRDA:92,3,0,2
BRDA:92,3,1,2
BRDA:101,4,0,1
BRDA:101,4,1,9
BRDA:104,5,0,2
BRDA:104,5,1,7
BRDA:126,6,0,1
BRDA:126,6,1,4
BRF:14
BRH:14
end_of_record
TN:
SF:src\GameRenderer.js
FN:12,(anonymous_0)
FN:60,(anonymous_1)
FN:72,(anonymous_2)
FN:92,(anonymous_3)
FN:106,(anonymous_4)
FN:117,(anonymous_5)
FN:124,(anonymous_6)
FN:131,(anonymous_7)
FNF:8
FNH:8
FNDA:10,(anonymous_0)
FNDA:4,(anonymous_1)
FNDA:18,(anonymous_2)
FNDA:3,(anonymous_3)
FNDA:8,(anonymous_4)
FNDA:3,(anonymous_5)
FNDA:1,(anonymous_6)
FNDA:1,(anonymous_7)
DA:13,10
DA:16,10
DA:17,10
DA:20,10
DA:21,100
DA:22,100
DA:23,100
DA:26,10
DA:35,10
DA:36,10
DA:37,100
DA:39,10
DA:50,200
DA:51,200
DA:52,2000
DA:54,200
DA:61,4
DA:62,4
DA:63,4
DA:73,18
DA:74,1
DA:75,1
DA:78,17
DA:79,5
DA:80,5
DA:81,1
DA:84,12
DA:93,3
DA:94,3
DA:95,2
DA:97,1
DA:99,3
DA:107,8
DA:108,7
DA:118,3
DA:125,1
DA:132,1
LF:37
LH:37
BRDA:73,0,0,1
BRDA:73,0,1,17
BRDA:78,1,0,5
BRDA:78,1,1,12
BRDA:80,2,0,1
BRDA:80,2,1,4
BRDA:94,3,0,2
BRDA:94,3,1,1
BRDA:107,4,0,7
BRDA:107,4,1,1
BRF:10
BRH:10
end_of_record
TN:
SF:src\InputHandler.js
FN:7,(anonymous_0)
FN:19,(anonymous_1)
FN:20,(anonymous_2)
FN:21,(anonymous_3)
FN:30,(anonymous_4)
FN:39,(anonymous_5)
FN:59,(anonymous_6)
FNF:7
FNH:7
FNDA:20,(anonymous_0)
FNDA:26,(anonymous_1)
FNDA:26,(anonymous_2)
FNDA:25,(anonymous_3)
FNDA:2,(anonymous_4)
FNDA:12,(anonymous_5)
FNDA:4,(anonymous_6)
DA:8,20
DA:20,26
DA:21,26
DA:22,25
DA:31,2
DA:40,12
DA:41,14
DA:42,14
DA:44,14
DA:45,7
DA:46,7
DA:47,5
DA:50,2
DA:60,4
LF:14
LH:14
BRDA:44,0,0,7
BRDA:44,0,1,7
BRDA:44,1,0,14
BRDA:44,1,1,10
BRDA:46,2,0,5
BRDA:46,2,1,2
BRDA:46,3,0,7
BRDA:46,3,1,4
BRDA:59,4,0,2
BRF:9
BRH:9
end_of_record
TN:
SF:src\Player.js
FN:8,(anonymous_0)
FN:18,(anonymous_1)
FN:26,(anonymous_2)
FN:34,(anonymous_3)
FN:43,(anonymous_4)
FN:52,(anonymous_5)
FN:61,(anonymous_6)
FN:80,(anonymous_7)
FN:89,(anonymous_8)
FN:127,(anonymous_9)
FN:138,(anonymous_10)
FN:196,(anonymous_11)
FN:233,(anonymous_12)
FNF:13
FNH:13
FNDA:77,(anonymous_0)
FNDA:77,(anonymous_1)
FNDA:2,(anonymous_2)
FNDA:9,(anonymous_3)
FNDA:1,(anonymous_4)
FNDA:1,(anonymous_5)
FNDA:9,(anonymous_6)
FNDA:29,(anonymous_7)
FNDA:3,(anonymous_8)
FNDA:38,(anonymous_9)
FNDA:5,(anonymous_10)
FNDA:7,(anonymous_11)
FNDA:16,(anonymous_12)
DA:9,77
DA:10,77
DA:11,77
DA:12,77
DA:19,77
DA:27,2
DA:35,9
DA:44,1
DA:53,1
DA:63,9
DA:65,9
DA:66,6
DA:68,3
DA:72,9
DA:81,29
DA:82,29
DA:90,3
DA:91,6
DA:93,6
DA:94,4
DA:95,1
DA:96,1
DA:98,3
DA:101,2
DA:112,6
DA:114,4
DA:115,4
DA:117,4
DA:128,38
DA:129,38
DA:130,38
DA:131,38
DA:141,5
DA:142,2
DA:145,3
DA:146,1
DA:148,3
DA:151,5
DA:152,5
DA:161,2
DA:162,4
DA:163,4
DA:165,4
DA:166,2
DA:171,0
DA:172,0
DA:183,3
DA:184,5
DA:185,5
DA:188,3
DA:197,7
DA:199,7
DA:200,5
DA:202,1
DA:203,1
DA:204,1
DA:207,4
DA:208,4
DA:209,4
DA:211,2
DA:213,1
DA:223,4
DA:224,4
DA:226,4
DA:233,4
DA:234,16
DA:235,12
DA:236,12
DA:237,12
DA:251,16
LF:70
LH:68
BRDA:8,0,0,0
BRDA:65,1,0,6
BRDA:65,1,1,3
BRDA:93,2,0,4
BRDA:93,2,1,2
BRDA:94,3,0,1
BRDA:94,3,1,3
BRDA:112,4,0,2
BRDA:112,4,1,4
BRDA:112,5,0,6
BRDA:112,5,1,6
BRDA:117,6,0,4
BRDA:117,6,1,4
BRDA:117,6,2,4
BRDA:117,6,3,4
BRDA:117,6,4,4
BRDA:117,6,5,4
BRDA:141,7,0,2
BRDA:141,7,1,3
BRDA:141,8,0,5
BRDA:141,8,1,3
BRDA:145,9,0,1
BRDA:145,9,1,2
BRDA:165,10,0,2
BRDA:165,10,1,2
BRDA:199,11,0,5
BRDA:199,11,1,2
BRDA:200,12,0,1
BRDA:200,12,1,4
BRDA:211,13,0,1
BRDA:211,13,1,1
BRDA:211,14,0,2
BRDA:211,14,1,1
BRDA:234,15,0,12
BRDA:234,15,1,4
BRDA:234,16,0,16
BRDA:234,16,1,14
BRDA:236,17,0,12
BRDA:236,17,1,0
BRDA:251,18,0,16
BRDA:251,18,1,15
BRDA:251,18,2,15
BRDA:251,18,3,14
BRF:43
BRH:41
end_of_record
TN:
SF:src\Ship.js
FN:4,(anonymous_0)
FN:14,(anonymous_1)
FN:24,(anonymous_2)
FN:37,(anonymous_3)
FN:38,(anonymous_4)
FN:46,(anonymous_5)
FN:54,(anonymous_6)
FNF:7
FNH:7
FNDA:268,(anonymous_0)
FNDA:2,(anonymous_1)
FNDA:61,(anonymous_2)
FNDA:78,(anonymous_3)
FNDA:157,(anonymous_4)
FNDA:2,(anonymous_5)
FNDA:2,(anonymous_6)
DA:5,268
DA:6,268
DA:15,2
DA:16,2
DA:25,61
DA:26,61
DA:27,40
DA:28,40
DA:30,21
DA:38,157
DA:47,2
DA:55,2
LF:12
LH:12
BRDA:4,0,0,1
BRDA:16,1,0,2
BRDA:16,1,1,2
BRDA:26,2,0,40
BRDA:26,2,1,21
BRF:5
BRH:5
end_of_record
TN:
SF:src\constants.js
FNF:0
FNH:0
DA:1,7
DA:7,7
DA:14,7
DA:19,7
LF:4
LH:4
BRF:0
BRH:0
end_of_record
